<?xml version="1.0" encoding="UTF-8"?>
<testsuite name="PetTypeTest" tests="4" skipped="0" failures="0" errors="0" timestamp="2021-11-19T11:52:26" hostname="DESKTOP-TILH1VU" time="0.285">
  <properties/>
  <testcase name="testPetAddEndpoint()" classname="PetTypeTest" time="0.104"/>
  <testcase name="testPetUpdateEndpoint()" classname="PetTypeTest" time="0.084"/>
  <testcase name="testPetEndpoint()" classname="PetTypeTest" time="0.027"/>
  <testcase name="testPetDeleteEndpoint()" classname="PetTypeTest" time="0.06"/>
  <system-out><![CDATA[]]></system-out>
  <system-err><![CDATA[]]></system-err>
</testsuite>
